[2017-04-11T12:24:29+01:00] INFO: Started chef-zero at chefzero://localhost:8889 with repository at /root
  One version per cookbook

[2017-04-11T12:24:29+01:00] INFO: Forking chef instance to converge...
[2017-04-11T12:24:29+01:00] INFO: *** Chef 12.18.31 ***
[2017-04-11T12:24:29+01:00] INFO: Platform: x86_64-linux
[2017-04-11T12:24:29+01:00] INFO: Chef-client pid: 28641
[2017-04-11T12:24:34+01:00] INFO: Setting the run_list to ["recipe[httpd::default]"] from CLI options
[2017-04-11T12:24:34+01:00] INFO: Run List is [recipe[httpd::default]]
[2017-04-11T12:24:34+01:00] INFO: Run List expands to [httpd::default]
[2017-04-11T12:24:34+01:00] INFO: Starting Chef Run for epplkraw0381t1.budapest.epam.com
[2017-04-11T12:24:34+01:00] INFO: Running start handlers
[2017-04-11T12:24:34+01:00] INFO: Start handlers complete.
[2017-04-11T12:24:34+01:00] INFO: HTTP Request Returned 404 Not Found: Object not found: 
[2017-04-11T12:24:34+01:00] INFO: Loading cookbooks [httpd@1.1.1, tomcat@1.1.1, java_se@7.79.7]
[2017-04-11T12:24:35+01:00] INFO: Processing ruby_block[fetch http://download.oracle.com/otn-pub/java/jdk/7u79-b15/jdk-7u79-linux-x64.tar.gz] action run (java_se::_linux_install line 66)
[2017-04-11T12:24:36+01:00] INFO: Processing ruby_block[set-env-java-home] action run (java_se::_linux_install line 12)
[2017-04-11T12:24:36+01:00] INFO: Processing directory[/etc/profile.d] action create (java_se::_linux_install line 19)
[2017-04-11T12:24:36+01:00] INFO: Processing file[/etc/profile.d/jdk.sh] action create (java_se::_linux_install line 23)
[2017-04-11T12:24:36+01:00] INFO: Processing ruby_block[set JAVA_HOME in /etc/environment] action run (java_se::_linux_install line 28)
[2017-04-11T12:24:36+01:00] INFO: Processing yum_package[glibc] action install (java_se::_linux_install line 38)
[2017-04-11T12:24:36+01:00] INFO: Processing yum_package[tar] action install (java_se::_linux_install line 43)
[2017-04-11T12:24:42+01:00] INFO: Processing ruby_block[adding java to /usr/lib/jvm/jdk1.7.0_79] action run (java_se::_linux_install line 55)
[2017-04-11T12:24:42+01:00] INFO: Processing template[adding /usr/lib/jvm/.java.jinfo for debian] action create (java_se::_linux_install line 85)
[2017-04-11T12:24:42+01:00] INFO: Processing link[/usr/lib/jvm/java] action create (java_se::_linux_install line 101)
[2017-04-11T12:24:42+01:00] INFO: Processing ruby_block[update-alternatives] action run (java_se::_linux_install line 106)
[2017-04-11T12:24:44+01:00] INFO: skipping setting alternative for jdeps. Command /usr/lib/jvm/java/bin/jdeps does not exist.
[2017-04-11T12:24:44+01:00] INFO: skipping setting alternative for jjs. Command /usr/lib/jvm/java/bin/jjs does not exist.
[2017-04-11T12:24:48+01:00] INFO: ruby_block[update-alternatives] called
[2017-04-11T12:24:48+01:00] INFO: Processing link[/usr/lib/jvm/default-java] action create (java_se::_linux_install line 170)
[2017-04-11T12:24:48+01:00] INFO: Processing yum_package[tomcat] action install (tomcat::default line 7)
[2017-04-11T12:24:48+01:00] INFO: Processing yum_package[unzip] action install (tomcat::default line 11)
[2017-04-11T12:24:48+01:00] INFO: Processing remote_file[/opt/testweb.zip] action create_if_missing (tomcat::default line 15)
[2017-04-11T12:24:48+01:00] INFO: Processing execute[unzip_app] action run (tomcat::default line 21)
[2017-04-11T12:24:48+01:00] INFO: Processing service[tomcat] action enable (tomcat::default line 27)
[2017-04-11T12:24:48+01:00] INFO: Processing service[tomcat] action start (tomcat::default line 27)
[2017-04-11T12:24:49+01:00] INFO: Processing yum_package[httpd] action install (httpd::default line 7)
[2017-04-11T12:24:49+01:00] INFO: Processing template[/etc/httpd/conf.d/vhosts.conf] action create (httpd::default line 11)
[2017-04-11T12:24:49+01:00] INFO: Processing service[httpd] action enable (httpd::default line 16)
[2017-04-11T12:24:49+01:00] INFO: Processing service[httpd] action start (httpd::default line 16)
[2017-04-11T12:24:49+01:00] INFO: Chef Run complete in 14.896516667 seconds
[2017-04-11T12:24:49+01:00] INFO: Running report handlers
[2017-04-11T12:24:49+01:00] INFO: Report handlers complete
